<?xml version="1.0" encoding="UTF-8"?>
<testsuites name="Mocha Tests" time="5.9510" tests="1" failures="0">
  <testsuite name="Root Suite" timestamp="2022-06-24T08:26:34" tests="0" file="cypress\e2e\PageObjects\Facebook.feature" time="0.0000" failures="0">
  </testsuite>
  <testsuite name="The Facebook Test" timestamp="2022-06-24T08:26:34" tests="1" time="5.9510" failures="0">
    <testcase name="The Facebook Test Opening a Facebook network page" time="5.9510" classname="Opening a Facebook network page">
    </testcase>
  </testsuite>
</testsuites>